<?xml version="1.0" encoding="UTF-8"?>
<testsuite xmlns:xsi="http://www.w3.org/2001/XMLSchema-instance" xsi:noNamespaceSchemaLocation="https://maven.apache.org/surefire/maven-surefire-plugin/xsd/surefire-test-report.xsd" name="br.unifei.imc.AppTest" time="0.124" tests="22" errors="0" skipped="0" failures="0">
  <properties>
    <property name="java.specification.version" value="17"/>
    <property name="sun.cpu.isalist" value="amd64"/>
    <property name="sun.jnu.encoding" value="Cp1252"/>
    <property name="java.class.path" value="H:\Projetos\Unifei\TestesLina\demo\target\test-classes;H:\Projetos\Unifei\TestesLina\demo\target\classes;C:\Users\moohb\.m2\repository\junit\junit\4.11\junit-4.11.jar;C:\Users\moohb\.m2\repository\org\hamcrest\hamcrest-core\1.3\hamcrest-core-1.3.jar;"/>
    <property name="java.vm.vendor" value="Eclipse Adoptium"/>
    <property name="sun.arch.data.model" value="64"/>
    <property name="user.variant" value=""/>
    <property name="java.vendor.url" value="https://adoptium.net/"/>
    <property name="user.timezone" value="America/Sao_Paulo"/>
    <property name="os.name" value="Windows 11"/>
    <property name="java.vm.specification.version" value="17"/>
    <property name="sun.java.launcher" value="SUN_STANDARD"/>
    <property name="user.country" value="US"/>
    <property name="sun.boot.library.path" value="C:\Program Files\Eclipse Adoptium\jdk-17.0.5.8-hotspot\bin"/>
    <property name="sun.java.command" value="C:\Users\moohb\AppData\Local\Temp\surefire7965358877419424226\surefirebooter13628368623009657509.jar C:\Users\moohb\AppData\Local\Temp\surefire7965358877419424226 2022-12-14T19-33-25_265-jvmRun1 surefire6142278066604182545tmp surefire_016888926118418039743tmp"/>
    <property name="jdk.debug" value="release"/>
    <property name="surefire.test.class.path" value="H:\Projetos\Unifei\TestesLina\demo\target\test-classes;H:\Projetos\Unifei\TestesLina\demo\target\classes;C:\Users\moohb\.m2\repository\junit\junit\4.11\junit-4.11.jar;C:\Users\moohb\.m2\repository\org\hamcrest\hamcrest-core\1.3\hamcrest-core-1.3.jar;"/>
    <property name="sun.cpu.endian" value="little"/>
    <property name="user.home" value="C:\Users\moohb"/>
    <property name="user.language" value="en"/>
    <property name="java.specification.vendor" value="Oracle Corporation"/>
    <property name="java.version.date" value="2022-10-18"/>
    <property name="java.home" value="C:\Program Files\Eclipse Adoptium\jdk-17.0.5.8-hotspot"/>
    <property name="file.separator" value="\"/>
    <property name="basedir" value="H:\Projetos\Unifei\TestesLina\demo"/>
    <property name="java.vm.compressedOopsMode" value="Zero based"/>
    <property name="line.separator" value="&#10;"/>
    <property name="java.vm.specification.vendor" value="Oracle Corporation"/>
    <property name="java.specification.name" value="Java Platform API Specification"/>
    <property name="surefire.real.class.path" value="C:\Users\moohb\AppData\Local\Temp\surefire7965358877419424226\surefirebooter13628368623009657509.jar"/>
    <property name="user.script" value=""/>
    <property name="sun.management.compiler" value="HotSpot 64-Bit Tiered Compilers"/>
    <property name="java.runtime.version" value="17.0.5+8"/>
    <property name="user.name" value="moohb"/>
    <property name="path.separator" value=";"/>
    <property name="os.version" value="10.0"/>
    <property name="java.runtime.name" value="OpenJDK Runtime Environment"/>
    <property name="file.encoding" value="Cp1252"/>
    <property name="java.vm.name" value="OpenJDK 64-Bit Server VM"/>
    <property name="java.vendor.version" value="Temurin-17.0.5+8"/>
    <property name="localRepository" value="C:\Users\moohb\.m2\repository"/>
    <property name="java.vendor.url.bug" value="https://github.com/adoptium/adoptium-support/issues"/>
    <property name="java.io.tmpdir" value="C:\Users\moohb\AppData\Local\Temp\"/>
    <property name="java.version" value="17.0.5"/>
    <property name="user.dir" value="H:\Projetos\Unifei\TestesLina\demo"/>
    <property name="os.arch" value="amd64"/>
    <property name="java.vm.specification.name" value="Java Virtual Machine Specification"/>
    <property name="sun.os.patch.level" value=""/>
    <property name="native.encoding" value="Cp1252"/>
    <property name="java.library.path" value="C:\Program Files\Eclipse Adoptium\jdk-17.0.5.8-hotspot\bin;C:\WINDOWS\Sun\Java\bin;C:\WINDOWS\system32;C:\WINDOWS;C:\Users\moohb\scoop\apps\maven\current\bin;C:\Program Files\PowerShell\7;C:\Program Files\Eclipse Adoptium\jdk-17.0.5.8-hotspot\bin;C:\Windows\system32;C:\Windows;C:\Windows\System32\Wbem;C:\Windows\System32\WindowsPowerShell\v1.0\;C:\Windows\System32\OpenSSH\;C:\WINDOWS\system32;C:\WINDOWS;C:\WINDOWS\System32\Wbem;C:\WINDOWS\System32\WindowsPowerShell\v1.0\;C:\WINDOWS\System32\OpenSSH\;C:\Program Files\PowerShell\7\;C:\Program Files\Docker\Docker\resources\bin;%SystemRoot%\system32;%SystemRoot%;%SystemRoot%\System32\Wbem;%SYSTEMROOT%\System32\WindowsPowerShell\v1.0\;%SYSTEMROOT%\System32\OpenSSH\;C:\Users\moohb\scoop\shims;C:\Users\moohb\AppData\Local\Microsoft\WindowsApps;C:\Users\moohb\AppData\Local\Programs\Microsoft VS Code\bin;C:\Users\moohb\AppData\Local\Microsoft\WindowsApps;C:\Program Files\JetBrains\IntelliJ IDEA 2022.3\bin;."/>
    <property name="java.vm.info" value="mixed mode, sharing"/>
    <property name="java.vendor" value="Eclipse Adoptium"/>
    <property name="java.vm.version" value="17.0.5+8"/>
    <property name="sun.io.unicode.encoding" value="UnicodeLittle"/>
    <property name="java.class.version" value="61.0"/>
  </properties>
  <testcase name="casoTeste1" classname="br.unifei.imc.AppTest" time="0.007"/>
  <testcase name="casoTeste2" classname="br.unifei.imc.AppTest" time="0"/>
  <testcase name="casoTeste3" classname="br.unifei.imc.AppTest" time="0"/>
  <testcase name="casoTeste4" classname="br.unifei.imc.AppTest" time="0"/>
  <testcase name="casoTeste5" classname="br.unifei.imc.AppTest" time="0.001"/>
  <testcase name="casoTeste6" classname="br.unifei.imc.AppTest" time="0"/>
  <testcase name="casoTeste7" classname="br.unifei.imc.AppTest" time="0"/>
  <testcase name="casoTeste8" classname="br.unifei.imc.AppTest" time="0"/>
  <testcase name="casoTeste9" classname="br.unifei.imc.AppTest" time="0"/>
  <testcase name="casoTeste10" classname="br.unifei.imc.AppTest" time="0"/>
  <testcase name="casoTeste11" classname="br.unifei.imc.AppTest" time="0"/>
  <testcase name="casoTeste12" classname="br.unifei.imc.AppTest" time="0"/>
  <testcase name="casoTeste13" classname="br.unifei.imc.AppTest" time="0"/>
  <testcase name="casoTeste14" classname="br.unifei.imc.AppTest" time="0.002"/>
  <testcase name="casoTeste15" classname="br.unifei.imc.AppTest" time="0"/>
  <testcase name="casoTeste16" classname="br.unifei.imc.AppTest" time="0.001"/>
  <testcase name="casoTeste17" classname="br.unifei.imc.AppTest" time="0.001"/>
  <testcase name="casoTeste18" classname="br.unifei.imc.AppTest" time="0"/>
  <testcase name="casoTeste19" classname="br.unifei.imc.AppTest" time="0"/>
  <testcase name="casoTeste20" classname="br.unifei.imc.AppTest" time="0"/>
  <testcase name="casoTeste21" classname="br.unifei.imc.AppTest" time="0.001"/>
  <testcase name="casoTeste22" classname="br.unifei.imc.AppTest" time="0"/>
</testsuite>